[    0.000000] Linux version 4.15.0-212-generic (buildd@lcy02-amd64-083) (gcc version 7.5.0 (Ubuntu 7.5.0-3ubuntu1~18.04)) #223-Ubuntu SMP Tue May 23 13:09:22 UTC 2023 (Ubuntu 4.15.0-212.223-generic 4.15.18)
[    0.000000] Command line: BOOT_IMAGE=/boot/vmlinuz-4.15.0-212-generic root=LABEL=cloudimg-rootfs ro console=tty1 console=ttyS0
[    0.000000] KERNEL supported cpus:
[    0.000000]   Intel GenuineIntel
[    0.000000]   AMD AuthenticAMD
[    0.000000]   Centaur CentaurHauls
[    0.000000] x86/fpu: x87 FPU will use FXSAVE
[    0.000000] e820: BIOS-provided physical RAM map:
[    0.000000] BIOS-e820: [mem 0x0000000000000000-0x000000000009fbff] usable
[    0.000000] BIOS-e820: [mem 0x000000000009fc00-0x000000000009ffff] reserved
[    0.000000] BIOS-e820: [mem 0x00000000000f0000-0x00000000000fffff] reserved
[    0.000000] BIOS-e820: [mem 0x0000000000100000-0x000000003ffeffff] usable
[    0.000000] BIOS-e820: [mem 0x000000003fff0000-0x000000003fffffff] ACPI data
[    0.000000] BIOS-e820: [mem 0x00000000fec00000-0x00000000fec00fff] reserved
[    0.000000] BIOS-e820: [mem 0x00000000fee00000-0x00000000fee00fff] reserved
[    0.000000] BIOS-e820: [mem 0x00000000fffc0000-0x00000000ffffffff] reserved
[    0.000000] NX (Execute Disable) protection: active
[    0.000000] SMBIOS 2.5 present.
[    0.000000] DMI: innotek GmbH VirtualBox/VirtualBox, BIOS VirtualBox 12/01/2006
[    0.000000] Hypervisor detected: KVM
[    0.000000] e820: last_pfn = 0x3fff0 max_arch_pfn = 0x400000000
[    0.000000] MTRR: Disabled
[    0.000000] x86/PAT: MTRRs disabled, skipping PAT initialization too.
[    0.000000] CPU MTRRs all blank - virtualized system.
[    0.000000] x86/PAT: Configuration [0-7]: WB  WT  UC- UC  WB  WT  UC- UC  
[    0.000000] found SMP MP-table at [mem 0x0009fff0-0x0009ffff]
[    0.000000] Scanning 1 areas for low memory corruption
[    0.000000] RAMDISK: [mem 0x359cb000-0x36cdcfff]
[    0.000000] ACPI: Early table checksum verification disabled
[    0.000000] ACPI: RSDP 0x00000000000E0000 000024 (v02 VBOX  )
[    0.000000] ACPI: XSDT 0x000000003FFF0030 00003C (v01 VBOX   VBOXXSDT 00000001 ASL  00000061)
[    0.000000] ACPI: FACP 0x000000003FFF00F0 0000F4 (v04 VBOX   VBOXFACP 00000001 ASL  00000061)
[    0.000000] ACPI: DSDT 0x000000003FFF0610 002353 (v02 VBOX   VBOXBIOS 00000002 INTL 20100528)
[    0.000000] ACPI: FACS 0x000000003FFF0200 000040
[    0.000000] ACPI: FACS 0x000000003FFF0200 000040
[    0.000000] ACPI: APIC 0x000000003FFF0240 00005C (v02 VBOX   VBOXAPIC 00000001 ASL  00000061)
[    0.000000] ACPI: SSDT 0x000000003FFF02A0 00036C (v01 VBOX   VBOXCPUT 00000002 INTL 20100528)
[    0.000000] ACPI: Reserving FACP table memory at [mem 0x3fff00f0-0x3fff01e3]
[    0.000000] ACPI: Reserving DSDT table memory at [mem 0x3fff0610-0x3fff2962]
[    0.000000] ACPI: Reserving FACS table memory at [mem 0x3fff0200-0x3fff023f]
[    0.000000] ACPI: Reserving FACS table memory at [mem 0x3fff0200-0x3fff023f]
[    0.000000] ACPI: Reserving APIC table memory at [mem 0x3fff0240-0x3fff029b]
[    0.000000] ACPI: Reserving SSDT table memory at [mem 0x3fff02a0-0x3fff060b]
[    0.000000] No NUMA configuration found
[    0.000000] Faking a node at [mem 0x0000000000000000-0x000000003ffeffff]
[    0.000000] NODE_DATA(0) allocated [mem 0x3ffc5000-0x3ffeffff]
[    0.000000] kvm-clock: cpu 0, msr 0:3ff44001, primary cpu clock
[    0.000000] kvm-clock: Using msrs 4b564d01 and 4b564d00
[    0.000000] kvm-clock: using sched offset of 6798257683 cycles
[    0.000000] clocksource: kvm-clock: mask: 0xffffffffffffffff max_cycles: 0x1cd42e4dffb, max_idle_ns: 881590591483 ns
[    0.000000] Zone ranges:
[    0.000000]   DMA      [mem 0x0000000000001000-0x0000000000ffffff]
[    0.000000]   DMA32    [mem 0x0000000001000000-0x000000003ffeffff]
[    0.000000]   Normal   empty
[    0.000000]   Device   empty
[    0.000000] Movable zone start for each node
[    0.000000] Early memory node ranges
[    0.000000]   node   0: [mem 0x0000000000001000-0x000000000009efff]
[    0.000000]   node   0: [mem 0x0000000000100000-0x000000003ffeffff]
[    0.000000] Reserved but unavailable: 104 pages
[    0.000000] Initmem setup node 0 [mem 0x0000000000001000-0x000000003ffeffff]
[    0.000000] ACPI: PM-Timer IO Port: 0x4008
[    0.000000] IOAPIC[0]: apic_id 2, version 32, address 0xfec00000, GSI 0-23
[    0.000000] ACPI: INT_SRC_OVR (bus 0 bus_irq 0 global_irq 2 dfl dfl)
[    0.000000] ACPI: INT_SRC_OVR (bus 0 bus_irq 9 global_irq 9 low level)
[    0.000000] Using ACPI (MADT) for SMP configuration information
[    0.000000] smpboot: Allowing 2 CPUs, 0 hotplug CPUs
[    0.000000] PM: Registered nosave memory: [mem 0x00000000-0x00000fff]
[    0.000000] PM: Registered nosave memory: [mem 0x0009f000-0x0009ffff]
[    0.000000] PM: Registered nosave memory: [mem 0x000a0000-0x000effff]
[    0.000000] PM: Registered nosave memory: [mem 0x000f0000-0x000fffff]
[    0.000000] e820: [mem 0x40000000-0xfebfffff] available for PCI devices
[    0.000000] Booting paravirtualized kernel on KVM
[    0.000000] clocksource: refined-jiffies: mask: 0xffffffff max_cycles: 0xffffffff, max_idle_ns: 7645519600211568 ns
[    0.000000] setup_percpu: NR_CPUS:8192 nr_cpumask_bits:2 nr_cpu_ids:2 nr_node_ids:1
[    0.000000] percpu: Embedded 50 pages/cpu s167936 r8192 d28672 u1048576
[    0.000000] PV qspinlock hash table entries: 256 (order: 0, 4096 bytes)
[    0.000000] Built 1 zonelists, mobility grouping on.  Total pages: 257913
[    0.000000] Policy zone: DMA32
[    0.000000] Kernel command line: BOOT_IMAGE=/boot/vmlinuz-4.15.0-212-generic root=LABEL=cloudimg-rootfs ro console=tty1 console=ttyS0
[    0.000000] Memory: 982644K/1048120K available (12300K kernel code, 2477K rwdata, 4324K rodata, 2480K init, 2720K bss, 65476K reserved, 0K cma-reserved)
[    0.000000] SLUB: HWalign=64, Order=0-3, MinObjects=0, CPUs=2, Nodes=1
[    0.000000] ftrace: allocating 39508 entries in 155 pages
[    0.004000] Hierarchical RCU implementation.
[    0.004000] 	RCU restricting CPUs from NR_CPUS=8192 to nr_cpu_ids=2.
[    0.004000] 	Tasks RCU enabled.
[    0.004000] RCU: Adjusting geometry for rcu_fanout_leaf=16, nr_cpu_ids=2
[    0.004000] NR_IRQS: 524544, nr_irqs: 440, preallocated irqs: 16
[    0.004000] random: crng init done
[    0.004000] Console: colour VGA+ 80x25
[    0.004000] console [tty1] enabled
[    0.004000] console [ttyS0] enabled
[    0.004000] ACPI: Core revision 20170831
[    0.004000] ACPI: 2 ACPI AML tables successfully acquired and loaded
[    0.004000] APIC: Switch to symmetric I/O mode setup
[    0.008000] ..TIMER: vector=0x30 apic1=0 pin1=2 apic2=-1 pin2=-1
[    0.008024] tsc: Detected 2611.208 MHz processor
[    0.012021] Calibrating delay loop (skipped) preset value.. 5222.41 BogoMIPS (lpj=10444832)
[    0.016018] pid_max: default: 32768 minimum: 301
[    0.020279] Security Framework initialized
[    0.024023] Yama: becoming mindful.
[    0.028272] AppArmor: AppArmor initialized
[    0.042571] Dentry cache hash table entries: 131072 (order: 8, 1048576 bytes)
[    0.049133] Inode-cache hash table entries: 65536 (order: 7, 524288 bytes)
[    0.056152] Mount-cache hash table entries: 2048 (order: 2, 16384 bytes)
[    0.061052] Mountpoint-cache hash table entries: 2048 (order: 2, 16384 bytes)
[    0.072895] Last level iTLB entries: 4KB 0, 2MB 0, 4MB 0
[    0.076016] Last level dTLB entries: 4KB 0, 2MB 0, 4MB 0, 1GB 0
[    0.080028] Spectre V1 : Mitigation: usercopy/swapgs barriers and __user pointer sanitization
[    0.084019] Spectre V2 : Mitigation: Enhanced IBRS
[    0.088011] Spectre V2 : Spectre v2 / SpectreRSB mitigation: Filling RSB on context switch
[    0.092014] Spectre V2 : Spectre v2 / PBRSB-eIBRS: Retire a single CALL on VMEXIT
[    0.096018] RETBleed: Mitigation: Enhanced IBRS
[    0.100014] Speculative Store Bypass: Vulnerable
[    0.104664] Freeing SMP alternatives memory: 36K
[    0.229551] smpboot: CPU0: 12th Gen Intel(R) Core(TM) i7-1255U (family: 0x6, model: 0x9a, stepping: 0x4)
[    0.236717] Performance Events: unsupported p6 CPU model 154 no PMU driver, software events only.
[    0.240409] Hierarchical SRCU implementation.
[    0.248909] NMI watchdog: Perf event create on CPU 0 failed with -2
[    0.252154] NMI watchdog: Perf NMI watchdog permanently disabled
[    0.256611] smp: Bringing up secondary CPUs ...
[    0.261675] x86: Booting SMP configuration:
[    0.264017] .... node  #0, CPUs:      #1
[    0.004000] kvm-clock: cpu 1, msr 0:3ff44041, secondary cpu clock
[    0.288000] TSC synchronization [CPU#0 -> CPU#1]:
[    0.288000] Measured 690718 cycles TSC warp between CPUs, turning off TSC clock.
[    0.288000] tsc: Marking TSC unstable due to check_tsc_sync_source failed
[    0.292696] smp: Brought up 1 node, 2 CPUs
[    0.296028] smpboot: Max logical packages: 1
[    0.300082] smpboot: Total of 2 processors activated (10444.83 BogoMIPS)
[    0.312324] devtmpfs: initialized
[    0.316254] x86/mm: Memory block size: 128MB
[    0.320789] evm: security.selinux
[    0.324014] evm: security.SMACK64
[    0.328010] evm: security.SMACK64EXEC
[    0.332026] evm: security.SMACK64TRANSMUTE
[    0.336014] evm: security.SMACK64MMAP
[    0.340009] evm: security.apparmor
[    0.344009] evm: security.ima
[    0.348010] evm: security.capability
[    0.360770] clocksource: jiffies: mask: 0xffffffff max_cycles: 0xffffffff, max_idle_ns: 7645041785100000 ns
[    0.368029] futex hash table entries: 512 (order: 3, 32768 bytes)
[    0.372751] pinctrl core: initialized pinctrl subsystem
[    0.377181] RTC time: 20:26:16, date: 07/14/24
[    0.386194] NET: Registered protocol family 16
[    0.388456] audit: initializing netlink subsys (disabled)
[    0.392428] audit: type=2000 audit(1720988782.541:1): state=initialized audit_enabled=0 res=1
[    0.416032] cpuidle: using governor ladder
[    0.420047] cpuidle: using governor menu
[    0.424255] ACPI: bus type PCI registered
[    0.428020] acpiphp: ACPI Hot Plug PCI Controller Driver version: 0.5
[    0.433495] PCI: Using configuration type 1 for base access
[    0.445442] HugeTLB registered 2.00 MiB page size, pre-allocated 0 pages
[    0.457150] ACPI: Added _OSI(Module Device)
[    0.460020] ACPI: Added _OSI(Processor Device)
[    0.464019] ACPI: Added _OSI(3.0 _SCP Extensions)
[    0.468022] ACPI: Added _OSI(Processor Aggregator Device)
[    0.472020] ACPI: Added _OSI(Linux-Dell-Video)
[    0.476022] ACPI: Added _OSI(Linux-Lenovo-NV-HDMI-Audio)
[    0.480031] ACPI: Added _OSI(Linux-HPI-Hybrid-Graphics)
[    0.488037] ACPI: Executed 1 blocks of module-level executable AML code
[    0.502574] ACPI: Interpreter enabled
[    0.504066] ACPI: (supports S0 S5)
[    0.508018] ACPI: Using IOAPIC for interrupt routing
[    0.513030] PCI: Using host bridge windows from ACPI; if necessary, use "pci=nocrs" and report a bug
[    0.516626] ACPI: Enabled 2 GPEs in block 00 to 07
[    0.542748] ACPI: PCI Root Bridge [PCI0] (domain 0000 [bus 00-ff])
[    0.544044] acpi PNP0A03:00: _OSC: OS supports [ASPM ClockPM Segments MSI]
[    0.549235] acpi PNP0A03:00: _OSC: not requesting OS control; OS requires [ExtendedConfig ASPM ClockPM MSI]
[    0.552050] acpi PNP0A03:00: fail to add MMCONFIG information, can't access extended PCI configuration space under this bridge.
[    0.561219] PCI host bridge to bus 0000:00
[    0.564022] pci_bus 0000:00: root bus resource [io  0x0000-0x0cf7 window]
[    0.568021] pci_bus 0000:00: root bus resource [io  0x0d00-0xffff window]
[    0.572021] pci_bus 0000:00: root bus resource [mem 0x000a0000-0x000bffff window]
[    0.576026] pci_bus 0000:00: root bus resource [mem 0x40000000-0xfdffffff window]
[    0.580022] pci_bus 0000:00: root bus resource [bus 00-ff]
[    0.598322] pci 0000:00:01.1: legacy IDE quirk: reg 0x10: [io  0x01f0-0x01f7]
[    0.600017] pci 0000:00:01.1: legacy IDE quirk: reg 0x14: [io  0x03f6]
[    0.604023] pci 0000:00:01.1: legacy IDE quirk: reg 0x18: [io  0x0170-0x0177]
[    0.608031] pci 0000:00:01.1: legacy IDE quirk: reg 0x1c: [io  0x0376]
[    0.668000] pci 0000:00:07.0: quirk: [io  0x4000-0x403f] claimed by PIIX4 ACPI
[    0.668063] pci 0000:00:07.0: quirk: [io  0x4100-0x410f] claimed by PIIX4 SMB
[    0.698912] ACPI: PCI Interrupt Link [LNKA] (IRQs 5 9 10 *11)
[    0.701385] ACPI: PCI Interrupt Link [LNKB] (IRQs 5 9 *10 11)
[    0.704536] ACPI: PCI Interrupt Link [LNKC] (IRQs 5 *9 10 11)
[    0.709048] ACPI: PCI Interrupt Link [LNKD] (IRQs 5 9 10 *11)
[    0.716960] SCSI subsystem initialized
[    0.724253] pci 0000:00:02.0: vgaarb: setting as boot VGA device
[    0.728000] pci 0000:00:02.0: vgaarb: VGA device added: decodes=io+mem,owns=io+mem,locks=none
[    0.728025] pci 0000:00:02.0: vgaarb: bridge control possible
[    0.732025] vgaarb: loaded
[    0.736304] ACPI: bus type USB registered
[    0.740082] usbcore: registered new interface driver usbfs
[    0.744210] usbcore: registered new interface driver hub
[    0.748058] usbcore: registered new device driver usb
[    0.756429] EDAC MC: Ver: 3.0.0
[    0.768809] PCI: Using ACPI for IRQ routing
[    0.773761] NetLabel: Initializing
[    0.776013] NetLabel:  domain hash size = 128
[    0.780009] NetLabel:  protocols = UNLABELED CIPSOv4 CALIPSO
[    0.784080] NetLabel:  unlabeled traffic allowed by default
[    0.792585] clocksource: Switched to clocksource kvm-clock
[    0.825550] VFS: Disk quotas dquot_6.6.0
[    0.894084] VFS: Dquot-cache hash table entries: 512 (order 0, 4096 bytes)
[    0.897864] AppArmor: AppArmor Filesystem Enabled
[    0.897864] pnp: PnP ACPI init
[    0.897864] pnp: PnP ACPI: found 3 devices
[    1.022776] clocksource: acpi_pm: mask: 0xffffff max_cycles: 0xffffff, max_idle_ns: 2085701024 ns
[    1.024860] NET: Registered protocol family 2
[    1.024860] IP idents hash table entries: 16384 (order: 5, 131072 bytes)
[    1.062678] TCP established hash table entries: 8192 (order: 4, 65536 bytes)
[    1.076137] TCP bind hash table entries: 8192 (order: 5, 131072 bytes)
[    1.089251] TCP: Hash tables configured (established 8192 bind 8192)
[    1.102368] UDP hash table entries: 512 (order: 2, 16384 bytes)
[    1.105195] UDP-Lite hash table entries: 512 (order: 2, 16384 bytes)
[    1.105195] NET: Registered protocol family 1
[    1.105195] pci 0000:00:00.0: Limiting direct PCI/PCI transfers
[    1.105195] pci 0000:00:01.0: Activating ISA DMA hang workarounds
[    1.105195] pci 0000:00:02.0: Video device with shadowed ROM at [mem 0x000c0000-0x000dffff]
[    1.105195] Unpacking initramfs...
[    2.515480] Freeing initrd memory: 19528K
[    2.522243] clocksource: tsc: mask: 0xffffffffffffffff max_cycles: 0x25a39815946, max_idle_ns: 440795282683 ns
[    2.542593] platform rtc_cmos: registered platform RTC device (no PNP device found)
[    2.561250] Scanning for low memory corruption every 60 seconds
[    2.580020] Initialise system trusted keyrings
[    2.588030] Key type blacklist registered
[    2.597196] workingset: timestamp_bits=36 max_order=18 bucket_order=0
[    2.613671] zbud: loaded
[    2.621709] squashfs: version 4.0 (2009/01/31) Phillip Lougher
[    2.634161] fuse init (API version 7.26)
[    2.723406] Key type asymmetric registered
[    2.728567] Asymmetric key parser 'x509' registered
[    2.736293] Block layer SCSI generic (bsg) driver version 0.4 loaded (major 246)
[    2.749576] io scheduler noop registered
[    2.756659] io scheduler deadline registered
[    2.766984] io scheduler cfq registered (default)
[    2.779402] ACPI: AC Adapter [AC] (off-line)
[    2.781959] input: Power Button as /devices/LNXSYSTM:00/LNXPWRBN:00/input/input0
[    2.800440] ACPI: Power Button [PWRF]
[    2.807082] input: Sleep Button as /devices/LNXSYSTM:00/LNXSLPBN:00/input/input1
[    2.810305] ACPI: Sleep Button [SLPF]
[    2.832951] Serial: 8250/16550 driver, 32 ports, IRQ sharing enabled
[    2.836660] ACPI: Battery Slot [BAT0] (battery present)
[    2.883196] 00:02: ttyS0 at I/O 0x3f8 (irq = 4, base_baud = 115200) is a 16550A
[    2.902030] Linux agpgart interface v0.103
[    2.925730] loop: module loaded
[    2.942429] scsi host0: ata_piix
[    2.954414] scsi host1: ata_piix
[    2.961218] ata1: PATA max UDMA/33 cmd 0x1f0 ctl 0x3f6 bmdma 0xd000 irq 14
[    2.973633] ata2: PATA max UDMA/33 cmd 0x170 ctl 0x376 bmdma 0xd008 irq 15
[    2.991521] tun: Universal TUN/TAP device driver, 1.6
[    3.006746] PPP generic driver version 2.4.2
[    3.023552] ehci_hcd: USB 2.0 'Enhanced' Host Controller (EHCI) Driver
[    3.034527] ehci-pci: EHCI PCI platform driver
[    3.046879] ehci-platform: EHCI generic platform driver
[    3.057805] ohci_hcd: USB 1.1 'Open' Host Controller (OHCI) Driver
[    3.070456] ohci-pci: OHCI PCI platform driver
[    3.079799] ohci-platform: OHCI generic platform driver
[    3.089831] uhci_hcd: USB Universal Host Controller Interface driver
[    3.101168] i8042: PNP: PS/2 Controller [PNP0303:PS2K,PNP0f03:PS2M] at 0x60,0x64 irq 1,12
[    3.125940] serio: i8042 KBD port at 0x60,0x64 irq 1
[    3.135766] serio: i8042 AUX port at 0x60,0x64 irq 12
[    3.201039] mousedev: PS/2 mouse device common for all mice
[    3.214871] rtc_cmos rtc_cmos: rtc core: registered rtc_cmos as rtc0
[    3.227853] rtc_cmos rtc_cmos: alarms up to one day, 114 bytes nvram
[    3.238806] i2c /dev entries driver
[    3.255313] device-mapper: uevent: version 1.0.3
[    3.265989] device-mapper: ioctl: 4.37.0-ioctl (2017-09-20) initialised: dm-devel@redhat.com
[    3.282891] ledtrig-cpu: registered to indicate activity on CPUs
[    3.301307] input: AT Translated Set 2 keyboard as /devices/platform/i8042/serio0/input/input2
[    3.320162] NET: Registered protocol family 10
[    3.356399] Segment Routing with IPv6
[    3.363991] NET: Registered protocol family 17
[    3.375902] Key type dns_resolver registered
[    3.389211] mce: Using 0 MCE banks
[    3.396098] RAS: Correctable Errors collector initialized.
[    3.406400] sched_clock: Marking stable (3406158968, 0)->(5701915052, -2295756084)
[    3.434905] registered taskstats version 1
[    3.443043] Loading compiled-in X.509 certificates
[    3.467531] Loaded X.509 cert 'Build time autogenerated kernel key: b5b26778eaa3ab3a4a6cee031137706e947d12ad'
[    3.489534] Loaded X.509 cert 'Canonical Ltd. Live Patch Signing: 14df34d1a87cf37625abec039ef2bf521249b969'
[    3.518019] Loaded X.509 cert 'Canonical Ltd. Kernel Module Signing: 88f752e560a1e0737e31163a466ad7b70a850c19'
[    3.539292] blacklist: Loading compiled-in revocation X.509 certificates
[    3.550687] Loaded X.509 cert 'Canonical Ltd. Secure Boot Signing: 61482aa2830d0ab2ad5af10b7250da9033ddcef0'
[    3.571075] Loaded X.509 cert 'Canonical Ltd. Secure Boot Signing (2017): 242ade75ac4a15e50d50c84b0d45ff3eae707a03'
[    3.594279] Loaded X.509 cert 'Canonical Ltd. Secure Boot Signing (ESM 2018): 365188c1d374d6b07c3c8f240f8ef722433d6a8b'
[    3.620216] Loaded X.509 cert 'Canonical Ltd. Secure Boot Signing (2019): c0746fd6c5da3ae827864651ad66ae47fe24b3e8'
[    3.645775] Loaded X.509 cert 'Canonical Ltd. Secure Boot Signing (2021 v1): a8d54bbb3825cfb94fa13c9f8a594a195c107b8d'
[    3.662722] Loaded X.509 cert 'Canonical Ltd. Secure Boot Signing (2021 v2): 4cf046892d6fd3c9a5b03f98d845f90851dc6a8c'
[    3.681233] Loaded X.509 cert 'Canonical Ltd. Secure Boot Signing (2021 v3): 100437bb6de6e469b581e61cd66bce3ef4ed53af'
[    3.699925] Loaded X.509 cert 'Canonical Ltd. Secure Boot Signing (Ubuntu Core 2019): c1d57b8f6b743f23ee41f4f7ee292f06eecadfb9'
[    3.722805] zswap: loaded using pool lzo/zbud
[    3.767112] Key type big_key registered
[    3.773741] Key type trusted registered
[    3.793998] Key type encrypted registered
[    3.803044] AppArmor: AppArmor sha1 policy hashing enabled
[    3.813315] ima: No TPM chip found, activating TPM-bypass! (rc=-19)
[    3.825857] ima: Allocated hash algorithm: sha1
[    3.835523] evm: HMAC attrs: 0x1
[    3.843660]   Magic number: 0:555:447
[    3.851829] rtc_cmos rtc_cmos: setting system clock to 2024-07-14 20:26:19 UTC (1720988779)
[    3.874337] BIOS EDD facility v0.16 2004-Jun-25, 0 devices found
[    3.886643] EDD information not available.
[    3.901709] Freeing unused kernel image memory: 2480K
[    3.928910] Write protecting the kernel read-only data: 20480k
[    3.938573] Freeing unused kernel image memory: 2008K
[    3.948484] Freeing unused kernel image memory: 1820K
[    3.964266] x86/mm: Checked W+X mappings: passed, no W+X pages found.
Loading, please wait...
starting version 237
[    4.237233] e1000: Intel(R) PRO/1000 Network Driver - version 7.3.21-k8-NAPI
[    4.264359] e1000: Copyright (c) 1999-2006 Intel Corporation.
[    4.287870] Fusion MPT base driver 3.04.20
[    4.299841] Copyright (c) 1999-2008 LSI Corporation
[    4.439421] Fusion MPT SPI Host driver 3.04.20
[    4.463973] SSE version of gcm_enc/dec engaged.
[    4.854356] input: ImExPS/2 Generic Explorer Mouse as /devices/platform/i8042/serio1/input/input4
[    5.810115] e1000 0000:00:03.0 eth0: (PCI:33MHz:32-bit) 02:3b:7b:b7:3b:2d
[    5.821142] e1000 0000:00:03.0 eth0: Intel(R) PRO/1000 Network Connection
[    5.835405] mptbase: ioc0: Initiating bringup
[    6.614430] ioc0: LSI53C1030 A0: Capabilities={Initiator}
[    7.753007] scsi host2: ioc0: LSI53C1030 A0, FwRev=00000000h, Ports=1, MaxQ=256, IRQ=20
[    7.935664] scsi 2:0:0:0: Direct-Access     VBOX     HARDDISK         1.0  PQ: 0 ANSI: 5
[    8.000926] scsi target2:0:0: Beginning Domain Validation
[    8.027194] scsi target2:0:0: Domain Validation skipping write tests
[    8.037020] scsi target2:0:0: Ending Domain Validation
[    8.049004] scsi target2:0:0: asynchronous
[    8.060371] scsi 2:0:1:0: Direct-Access     VBOX     HARDDISK         1.0  PQ: 0 ANSI: 5
[    8.420359] scsi target2:0:1: Beginning Domain Validation
[    8.445480] scsi target2:0:1: Domain Validation skipping write tests
[    8.461220] scsi target2:0:1: Ending Domain Validation
[    8.472789] scsi target2:0:1: asynchronous
[    8.522194] sd 2:0:0:0: [sda] 83886080 512-byte logical blocks: (42.9 GB/40.0 GiB)
[    8.547777] sd 2:0:0:0: [sda] Write Protect is off
[    8.558051] sd 2:0:0:0: Attached scsi generic sg0 type 0
[    8.565933] sd 2:0:0:0: [sda] Incomplete mode parameter data
[    8.578853] sd 2:0:0:0: [sda] Assuming drive cache: write through
[    8.589598] sd 2:0:1:0: Attached scsi generic sg1 type 0
[    8.605888] sd 2:0:1:0: [sdb] 20480 512-byte logical blocks: (10.5 MB/10.0 MiB)
[    8.624953] sd 2:0:1:0: [sdb] Write Protect is off
[    8.638894] sd 2:0:1:0: [sdb] Incomplete mode parameter data
[    8.653971] sd 2:0:1:0: [sdb] Assuming drive cache: write through
[    8.667005]  sda: sda1
[    8.680954] sd 2:0:0:0: [sda] Attached SCSI disk
[    8.714828] sd 2:0:1:0: [sdb] Attached SCSI disk
[    9.440034] e1000 0000:00:08.0 eth1: (PCI:33MHz:32-bit) 08:00:27:7e:0a:d5
[    9.455442] e1000 0000:00:08.0 eth1: Intel(R) PRO/1000 Network Connection
[    9.471818] e1000 0000:00:08.0 enp0s8: renamed from eth1
[    9.493876] e1000 0000:00:03.0 enp0s3: renamed from eth0
Begin: Loading essential drivers ... 